The computer has started first
computer's 7,6 is a miss
player 1's 1,2 is a miss
computer's 0,8 is a miss
player 1's 3,4 is a miss
computer's 4,7 is a miss
player 1's 2,3 is a miss
computer's 1,4 is a miss
player 1's 5,3 is a miss
computer's 2,1 is a miss
player 1's 6,5 is a miss
computer's 6,3 is a miss
player 1's 7,6 is a miss
computer's 0,3 is a miss
player 1's 8,7 is a miss
computer's 8,9 is a hit
player 1's 9,7 is a hit
computer's 7,0 is a miss
player 1's 9,8 is a miss
computer's 9,4 is a miss
player 1's 6,7 is a hit
computer's 5,9 is a miss
player 1's 6,5 is a hit
computer's 9,9 is a miss
player 1's 4,4 is a miss
computer's 5,1 is a miss
player 1's 3,2 is a miss
computer's 7,5 is a miss
player 1's 3,4 is a hit
computer's 6,0 is a miss
player 1's 5,6 is a miss
computer's 8,8 is a miss
player 1's 7,6 is a hit
computer's 2,4 is a hit
player 1's 4,3 is a miss
computer's 6,6 is a miss
player 1's 2,1 is a hit
computer's 2,2 is a hit
player 1's 2,3 is a hit
computer's 3,6 is a miss
player 1's 4,5 is a miss
computer's 7,7 is a hit
player 1's 6,7 is a hit
computer's 0,0 is a miss
player 1's 8,9 is a miss
computer's 0,2 is a miss
player 1's 9,7 is a hit
computer's 9,8 is a miss
player 1's 6,5 is a hit
computer's 3,1 is a miss
player 1's 4,3 is a hit
computer's 8,7 is a hit
player 1's 3,2 is a hit
computer's 4,9 is a miss
player 1's 2,1 is a hit
computer's 8,0 is a miss
player 1's 2,3 is a hit
computer's 8,3 is a miss
player 1's 4,5 is a hit
computer's 6,9 is a miss
player 1's 6,7 is a hit
computer's 6,4 is a miss
player 1's 8,9 is a hit
computer's 2,7 is a miss
player 1's 0,0 is a miss
computer's 6,1 is a miss
player 1's 0,9 is a miss
computer's 9,2 is a miss
player 1's 8,7 is a hit
computer's 4,4 is a hit
player 1's 6,5 is a hit
computer's 4,5 is a miss
player 1's 4,34 is a miss
computer's 3,3 is a miss
player 1's 6,2 is a miss
computer's 1,3 is a miss
player 1's 8,3 is a miss
computer's 3,0 is a miss
player 1's 9,3 is a hit
computer's 5,4 is a hit
player 1's 9,9 is a miss
computer's 6,7 is a hit
computer has sunk the submarine
player 1's 2,5 is a miss
computer's 0,1 is a miss
player 1's 2,4 is a miss
computer's 4,6 is a miss
player 1's 1,4 is a hit
computer's 5,3 is a miss
player 1's 7,9 is a miss
computer's 0,9 is a miss
player 1's 4,5 is a hit
computer's 1,5 is a miss
player 1's 2,5 is a hit
computer's 2,8 is a miss
player 1's 8,9 is a hit
computer's 4,0 is a miss
player 1's 1,2 is a hit
computer's 6,5 is a miss
player 1's 3,4 is a hit
computer's 9,6 is a miss
player 1's 5,9 is a miss
computer's 7,3 is a miss
player 1's 6,9 is a miss
computer's 7,9 is a miss
player 1's 7,3 is a miss
computer's 2,3 is a hit
player 1's 2,4 is a hit
computer's 5,6 is a miss
player 1's 1,2 is a hit
computer's 0,6 is a miss
player 1's 1,3 is a miss
computer's 8,2 is a miss
player 1's 1,4 is a hit
computer's 9,0 is a hit
computer has sunk the destroyer
player 1's 1,5 is a miss
computer's 3,5 is a miss
player 1's 1,6 is a hit
computer's 8,4 is a miss
player 1's 1,7 is a miss
computer's 6,2 is a miss
player 1's 1,8 is a miss
computer's 0,7 is a miss
player 1's 1,9 is a miss
computer's 1,6 is a miss
player 1's 2,1 is a hit
computer's 9,1 is a miss
player 1's 2,3 is a hit
computer's 7,8 is a miss
player 1's 2,5 is a hit
computer's 7,1 is a miss
player 1's 2,6 is a hit
computer's 3,9 is a miss
player 1's 2,7 is a miss
computer's 9,7 is a miss
player 1's 2,8 is a miss
computer's 2,0 is a miss
player 1's 2,9 is a miss
computer's 1,9 is a miss
player 1's 2,2 is a miss
computer's 3,4 is a hit
computer has sunk the cruizer
player 1's 3,1 is a miss
computer's 9,5 is a miss
player 1's 3,2 is a hit
computer's 5,7 is a miss
player 1's 3,3 is a miss
computer's 1,8 is a miss
player 1's 3,4 is a hit
computer's 8,1 is a miss
player 1's 3,5 is a miss
computer's 4,3 is a miss
player 1's 3,6 is a miss
computer's 4,2 is a hit
player 1's 3,7 is a miss
computer's 1,7 is a miss
player 1's 3,8 is a miss
computer's 5,5 is a miss
player 1's 3,9 is a miss
computer's 3,8 is a miss
player 1's 4,1 is a miss
computer's 2,9 is a miss
player 1's 4,2 is a miss
computer's 1,0 is a miss
player 1's 4,3 is a hit
computer's 6,8 is a miss
player 1's 4,4 is a hit
computer's 2,5 is a hit
player 1's 4,5 is a hit
computer's 0,4 is a miss
player 1's 4,6 is a miss
computer's 5,2 is a hit
player 1's 4,7 is a hit
computer's 1,1 is a miss
player 1's 4,8 is a miss
computer's 2,6 is a hit
computer has sunk the battleship
player 1's 4,9 is a miss
computer's 4,8 is a miss
player 1's 5,1 is a miss
computer's 8,5 is a miss
player 1's 52,5 is a hit
computer's 4,1 is a miss
player 1's 51,5 is a hit
computer's 7,4 is a miss
player 1's 1,5 is a hit
computer's 5,0 is a miss
player 1's 2,5 is a hit
computer's 9,3 is a miss
player 1's 3,5 is a hit
computer's 3,2 is a hit
player 1's 4,5 is a hit
computer's 3,7 is a miss
player 1's 5,5 is a miss
computer's 1,2 is a hit
computer has sunk the carrier
player 1's 5,6 is a hit
computer's 0,5 is a miss
player 1's 5,7 is a hit
computer's 8,6 is a miss
player 1's 5,8 is a miss
computer's 7,2 is a miss
player 1's 5,9 is a hit
computer's 5,8 is a miss
player 1's 5,0 is a miss
